<?xml version="1.0" encoding="UTF-8"?>
<!-- Generated by org.testng.reporters.JUnitReportReporter -->
<testsuite hostname="Koushik" failures="0" tests="1" name="TestPackage.greenkartTest" time="24.127" errors="0" timestamp="2025-10-05T19:02:02 IST" skipped="0">
  <testcase classname="TestPackage.greenkartTest" name="vegshoping" time="24.127"/>
</testsuite> <!-- TestPackage.greenkartTest -->
