<?xml version="1.0" encoding="UTF-8"?>
<!-- Generated by org.testng.reporters.JUnitReportReporter -->
<testsuite hostname="Koushik" failures="0" tests="1" name="greenkartStepDefination.testrunnergreenkart" time="24.111" errors="0" timestamp="2025-10-05T18:29:53 IST" skipped="0">
  <testcase classname="greenkartStepDefination.testrunnergreenkart" name="runScenario" time="24.111"/>
</testsuite> <!-- greenkartStepDefination.testrunnergreenkart -->
